# JRE version: Java(TM) SE Runtime Environment (8.0_20-b26) (build 1.8.0_20-b26)
# Java VM: Java HotSpot(TM) 64-Bit Server VM (25.20-b23 mixed mode windows-amd64 compressed oops)
Heap:
 PSYoungGen      total 161792K, used 72059K [0x00000000eab00000, 0x0000000100000000, 0x0000000100000000)
  eden space 113152K, 63% used [0x00000000eab00000,0x00000000ef15ec18,0x00000000f1980000)
  from space 48640K, 0% used [0x00000000f1980000,0x00000000f1980000,0x00000000f4900000)
  to   space 74240K, 0% used [0x00000000fb780000,0x00000000fb780000,0x0000000100000000)
 ParOldGen       total 113152K, used 57225K [0x00000000c0000000, 0x00000000c6e80000, 0x00000000eab00000)
  object space 113152K, 50% used [0x00000000c0000000,0x00000000c37e27c8,0x00000000c6e80000)
 Metaspace       used 5717K, capacity 6960K, committed 7040K, reserved 1056768K
  class space    used 550K, capacity 616K, committed 640K, reserved 1048576K
GC Heap History (10 events):
Event: 11.251 GC heap before
{Heap before GC invocations=5 (full 1):
 PSYoungGen      total 70656K, used 5117K [0x00000000eab00000, 0x00000000f3500000, 0x0000000100000000)
  eden space 65536K, 0% used [0x00000000eab00000,0x00000000eab00000,0x00000000eeb00000)
  from space 5120K, 99% used [0x00000000ef000000,0x00000000ef4ff4d8,0x00000000ef500000)
  to   space 5120K, 0% used [0x00000000eeb00000,0x00000000eeb00000,0x00000000ef000000)
 ParOldGen       total 86016K, used 81926K [0x00000000c0000000, 0x00000000c5400000, 0x00000000eab00000)
  object space 86016K, 95% used [0x00000000c0000000,0x00000000c5001b70,0x00000000c5400000)
 Metaspace       used 5583K, capacity 6832K, committed 7040K, reserved 1056768K
  class space    used 548K, capacity 616K, committed 640K, reserved 1048576K
Event: 11.455 GC heap after
Heap after GC invocations=5 (full 1):
 PSYoungGen      total 70656K, used 0K [0x00000000eab00000, 0x00000000f3500000, 0x0000000100000000)
  eden space 65536K, 0% used [0x00000000eab00000,0x00000000eab00000,0x00000000eeb00000)
  from space 5120K, 0% used [0x00000000ef000000,0x00000000ef000000,0x00000000ef500000)
  to   space 5120K, 0% used [0x00000000eeb00000,0x00000000eeb00000,0x00000000ef000000)
 ParOldGen       total 113152K, used 41485K [0x00000000c0000000, 0x00000000c6e80000, 0x00000000eab00000)
  object space 113152K, 36% used [0x00000000c0000000,0x00000000c2883650,0x00000000c6e80000)
 Metaspace       used 5583K, capacity 6832K, committed 7040K, reserved 1056768K
  class space    used 548K, capacity 616K, committed 640K, reserved 1048576K
}
Event: 11.868 GC heap before
{Heap before GC invocations=6 (full 1):
 PSYoungGen      total 70656K, used 65536K [0x00000000eab00000, 0x00000000f3500000, 0x0000000100000000)
  eden space 65536K, 100% used [0x00000000eab00000,0x00000000eeb00000,0x00000000eeb00000)
  from space 5120K, 0% used [0x00000000ef000000,0x00000000ef000000,0x00000000ef500000)
  to   space 5120K, 0% used [0x00000000eeb00000,0x00000000eeb00000,0x00000000ef000000)
 ParOldGen       total 113152K, used 41485K [0x00000000c0000000, 0x00000000c6e80000, 0x00000000eab00000)
  object space 113152K, 36% used [0x00000000c0000000,0x00000000c2883650,0x00000000c6e80000)
 Metaspace       used 5589K, capacity 6832K, committed 7040K, reserved 1056768K
  class space    used 548K, capacity 616K, committed 640K, reserved 1048576K
Event: 11.889 GC heap after
Heap after GC invocations=6 (full 1):
 PSYoungGen      total 70656K, used 5113K [0x00000000eab00000, 0x00000000f7000000, 0x0000000100000000)
  eden space 65536K, 0% used [0x00000000eab00000,0x00000000eab00000,0x00000000eeb00000)
  from space 5120K, 99% used [0x00000000eeb00000,0x00000000eeffe6b0,0x00000000ef000000)
  to   space 39936K, 0% used [0x00000000f4900000,0x00000000f4900000,0x00000000f7000000)
 ParOldGen       total 113152K, used 51062K [0x00000000c0000000, 0x00000000c6e80000, 0x00000000eab00000)
  object space 113152K, 45% used [0x00000000c0000000,0x00000000c31dd928,0x00000000c6e80000)
 Metaspace       used 5589K, capacity 6832K, committed 7040K, reserved 1056768K
  class space    used 548K, capacity 616K, committed 640K, reserved 1048576K
}
Event: 14.766 GC heap before
{Heap before GC invocations=7 (full 1):
 PSYoungGen      total 70656K, used 70649K [0x00000000eab00000, 0x00000000f7000000, 0x0000000100000000)
  eden space 65536K, 100% used [0x00000000eab00000,0x00000000eeb00000,0x00000000eeb00000)
  from space 5120K, 99% used [0x00000000eeb00000,0x00000000eeffe6b0,0x00000000ef000000)
  to   space 39936K, 0% used [0x00000000f4900000,0x00000000f4900000,0x00000000f7000000)
 ParOldGen       total 113152K, used 51062K [0x00000000c0000000, 0x00000000c6e80000, 0x00000000eab00000)
  object space 113152K, 45% used [0x00000000c0000000,0x00000000c31dd928,0x00000000c6e80000)
 Metaspace       used 5715K, capacity 6960K, committed 7040K, reserved 1056768K
  class space    used 550K, capacity 616K, committed 640K, reserved 1048576K
Event: 14.805 GC heap after
Heap after GC invocations=7 (full 1):
 PSYoungGen      total 153088K, used 39915K [0x00000000eab00000, 0x00000000f7f00000, 0x0000000100000000)
  eden space 113152K, 0% used [0x00000000eab00000,0x00000000eab00000,0x00000000f1980000)
  from space 39936K, 99% used [0x00000000f4900000,0x00000000f6ffad08,0x00000000f7000000)
  to   space 48640K, 0% used [0x00000000f1980000,0x00000000f1980000,0x00000000f4900000)
 ParOldGen       total 113152K, used 54728K [0x00000000c0000000, 0x00000000c6e80000, 0x00000000eab00000)
  object space 113152K, 48% used [0x00000000c0000000,0x00000000c3572328,0x00000000c6e80000)
 Metaspace       used 5715K, capacity 6960K, committed 7040K, reserved 1056768K
  class space    used 550K, capacity 616K, committed 640K, reserved 1048576K
}
Event: 15.716 GC heap before
{Heap before GC invocations=8 (full 1):
 PSYoungGen      total 153088K, used 153067K [0x00000000eab00000, 0x00000000f7f00000, 0x0000000100000000)
  eden space 113152K, 100% used [0x00000000eab00000,0x00000000f1980000,0x00000000f1980000)
  from space 39936K, 99% used [0x00000000f4900000,0x00000000f6ffad08,0x00000000f7000000)
  to   space 48640K, 0% used [0x00000000f1980000,0x00000000f1980000,0x00000000f4900000)
 ParOldGen       total 113152K, used 54728K [0x00000000c0000000, 0x00000000c6e80000, 0x00000000eab00000)
  object space 113152K, 48% used [0x00000000c0000000,0x00000000c3572328,0x00000000c6e80000)
 Metaspace       used 5716K, capacity 6960K, committed 7040K, reserved 1056768K
  class space    used 550K, capacity 616K, committed 640K, reserved 1048576K
Event: 15.807 GC heap after
Heap after GC invocations=8 (full 1):
 PSYoungGen      total 161792K, used 48610K [0x00000000eab00000, 0x0000000100000000, 0x0000000100000000)
  eden space 113152K, 0% used [0x00000000eab00000,0x00000000eab00000,0x00000000f1980000)
  from space 48640K, 99% used [0x00000000f1980000,0x00000000f48f8838,0x00000000f4900000)
  to   space 74240K, 0% used [0x00000000fb780000,0x00000000fb780000,0x0000000100000000)
 ParOldGen       total 113152K, used 89379K [0x00000000c0000000, 0x00000000c6e80000, 0x00000000eab00000)
  object space 113152K, 78% used [0x00000000c0000000,0x00000000c5748f38,0x00000000c6e80000)
 Metaspace       used 5716K, capacity 6960K, committed 7040K, reserved 1056768K
  class space    used 550K, capacity 616K, committed 640K, reserved 1048576K
}
Event: 15.807 GC heap before
{Heap before GC invocations=9 (full 2):
 PSYoungGen      total 161792K, used 48610K [0x00000000eab00000, 0x0000000100000000, 0x0000000100000000)
  eden space 113152K, 0% used [0x00000000eab00000,0x00000000eab00000,0x00000000f1980000)
  from space 48640K, 99% used [0x00000000f1980000,0x00000000f48f8838,0x00000000f4900000)
  to   space 74240K, 0% used [0x00000000fb780000,0x00000000fb780000,0x0000000100000000)
 ParOldGen       total 113152K, used 89379K [0x00000000c0000000, 0x00000000c6e80000, 0x00000000eab00000)
  object space 113152K, 78% used [0x00000000c0000000,0x00000000c5748f38,0x00000000c6e80000)
 Metaspace       used 5716K, capacity 6960K, committed 7040K, reserved 1056768K
  class space    used 550K, capacity 616K, committed 640K, reserved 1048576K
Event: 16.269 GC heap after
Heap after GC invocations=9 (full 2):
 PSYoungGen      total 161792K, used 0K [0x00000000eab00000, 0x0000000100000000, 0x0000000100000000)
  eden space 113152K, 0% used [0x00000000eab00000,0x00000000eab00000,0x00000000f1980000)
  from space 48640K, 0% used [0x00000000f1980000,0x00000000f1980000,0x00000000f4900000)
  to   space 74240K, 0% used [0x00000000fb780000,0x00000000fb780000,0x0000000100000000)
 ParOldGen       total 113152K, used 57225K [0x00000000c0000000, 0x00000000c6e80000, 0x00000000eab00000)
  object space 113152K, 50% used [0x00000000c0000000,0x00000000c37e27c8,0x00000000c6e80000)
 Metaspace       used 5716K, capacity 6960K, committed 7040K, reserved 1056768K
  class space    used 550K, capacity 616K, committed 640K, reserved 1048576K
}

